
물리적 메모리 확인 중...실패 (PRVF-7530)
사용 가능한 물리적 메모리 확인 중...성공
교체 크기 확인 중...성공
사용 가능한 공간: rac2:/usr,rac2:/var,rac2:/etc,rac2:/sbin,rac2:/tmp 확인 중...성공
사용 가능한 공간: rac1:/usr,rac1:/var,rac1:/etc,rac1:/sbin,rac1:/tmp 확인 중...성공
사용자 존재 여부: oracle 확인 중...
  UID가 동일한 사용자입니다.: 54321 확인 중...성공
사용자 존재 여부: oracle 확인 중...성공
실행 레벨 확인 중...성공
완전 제한: 최대 열린 파일 기술자 확인 중...성공
부분 제한: 최대 열린 파일 기술자 확인 중...성공
완전 제한: 최대 사용자 프로세스 확인 중...성공
부분 제한: 최대 사용자 프로세스 확인 중...성공
부분 제한: 최대 스택 크기 확인 중...성공
구조 확인 중...성공
OS 커널 버전 확인 중...성공
OS 커널 매개변수: semmsl 확인 중...성공
OS 커널 매개변수: semmns 확인 중...성공
OS 커널 매개변수: semopm 확인 중...성공
OS 커널 매개변수: semmni 확인 중...성공
OS 커널 매개변수: shmmax 확인 중...성공
OS 커널 매개변수: shmmni 확인 중...성공
OS 커널 매개변수: shmall 확인 중...성공
OS 커널 매개변수: file-max 확인 중...성공
OS 커널 매개변수: ip_local_port_range 확인 중...성공
OS 커널 매개변수: rmem_default 확인 중...성공
OS 커널 매개변수: rmem_max 확인 중...성공
OS 커널 매개변수: wmem_default 확인 중...성공
OS 커널 매개변수: wmem_max 확인 중...성공
OS 커널 매개변수: aio-max-nr 확인 중...성공
OS 커널 매개변수: panic_on_oops 확인 중...성공
패키지: kmod-20-21 (x86_64) 확인 중...성공
패키지: kmod-libs-20-21 (x86_64) 확인 중...성공
패키지: binutils-2.23.52.0.1 확인 중...성공
패키지: compat-libcap1-1.10 확인 중...성공
패키지: libgcc-4.8.2 (x86_64) 확인 중...성공
패키지: libstdc++-4.8.2 (x86_64) 확인 중...성공
패키지: libstdc++-devel-4.8.2 (x86_64) 확인 중...성공
패키지: sysstat-10.1.5 확인 중...성공
패키지: ksh 확인 중...성공
패키지: make-3.82 확인 중...성공
패키지: glibc-2.17 (x86_64) 확인 중...성공
패키지: glibc-devel-2.17 (x86_64) 확인 중...성공
패키지: libaio-0.3.109 (x86_64) 확인 중...성공
패키지: libaio-devel-0.3.109 (x86_64) 확인 중...성공
패키지: nfs-utils-1.2.3-15 확인 중...성공
패키지: smartmontools-6.2-4 확인 중...성공
패키지: net-tools-2.0-0.17 확인 중...성공
UID가 동일한 사용자입니다.: 0 확인 중...성공
루트 사용자 일관성 확인 중...성공
NTP(네트워크 시간 프로토콜) 확인 중...
  '/etc/chrony.conf' 확인 중...성공
NTP(네트워크 시간 프로토콜) 확인 중...실패 (PRVG-1017)

모든 노드에서 Oracle Clusterware 애플리케이션 클러스터에 대한 사전 확인을 실패했습니다. 


CVU 확인 요청 "stage -pre appcluster"을(를) 실행하는 동안 오류가 발생했습니다.

물리적 메모리 확인 중...실패
rac2: PRVF-7530 : "rac2" 노드에서 사용 가능한 물리적 메모리가 부족합니다. [필요한 물리적 메모리 = 8GB
      (8388608.0KB)]

rac1: PRVF-7530 : "rac1" 노드에서 사용 가능한 물리적 메모리가 부족합니다. [필요한 물리적 메모리 = 8GB
      (8388608.0KB)]

NTP(네트워크 시간 프로토콜) 확인 중...실패
rac2: PRVG-1017 : NTP 데몬 또는 서비스가 실행 중이 아닌 "rac2,rac1" 노드에 NTP 구성 파일
      "/etc/chrony.conf"이(가) 있습니다.

rac1: PRVG-1017 : NTP 데몬 또는 서비스가 실행 중이 아닌 "rac2,rac1" 노드에 NTP 구성 파일
      "/etc/chrony.conf"이(가) 있습니다.


수행된 CVU 작업:                   stage -pre appcluster
날짜:                           2024. 7. 18 오전 9:01:34
CVU 홈:                        /u01/app/19c/grid/
사용자:                          oracle
