
시계 동기화 확인 중...
  노드 이름                                 상태                      
  ------------------------------------  ------------------------
  rac1                                  성공                      
  rac2                                  성공                      

  노드 이름                                 상태                      
  ------------------------------------  ------------------------
  rac2                                  관찰자                     
  rac1                                  관찰자                     

CTSS가 관찰자 상태입니다. NTP를 사용하는 시계 동기화 검사로 전환됩니다.

  NTP(네트워크 시간 프로토콜) 확인 중...
    '/etc/chrony.conf' 확인 중...
    노드 이름                                 파일 존재 여부                
    ------------------------------------  ------------------------
    rac2                                  예                       
    rac1                                  예                       

    '/etc/chrony.conf' 확인 중...성공
    '/var/run/ntpd.pid' 확인 중...
    노드 이름                                 파일 존재 여부                
    ------------------------------------  ------------------------
    rac2                                  아니오                     
    rac1                                  아니오                     

    '/var/run/ntpd.pid' 확인 중...WARNING (PRVG-1019)
    '/var/run/chronyd.pid' 확인 중...
    노드 이름                                 파일 존재 여부                
    ------------------------------------  ------------------------
    rac2                                  아니오                     
    rac1                                  아니오                     

    '/var/run/chronyd.pid' 확인 중...WARNING (PRVG-1019)
    데몬 'ntpd' 확인 중...
    노드 이름                                 실행 중?                   
    ------------------------------------  ------------------------
    rac2                                  아니오                     
    rac1                                  아니오                     

    데몬 'ntpd' 확인 중...실패 (PRVG-1024, PRVF-7590)
    데몬 'chronyd' 확인 중...
    노드 이름                                 실행 중?                   
    ------------------------------------  ------------------------
    rac2                                  아니오                     
    rac1                                  아니오                     

    데몬 'chronyd' 확인 중...실패 (PRVG-1024, PRVF-7590)
  NTP(네트워크 시간 프로토콜) 확인 중...실패 (PRVG-1019, PRVG-1024, PRVG-1017)
시계 동기화 확인 중...실패 (PRVG-1019, PRVG-1024, PRVF-7590, PRVG-1017)

지정된 모든 노드에서 클러스터 노드에서 시계 동기화 확인을 실패했습니다. 


CVU 확인 요청 "클러스터 노드에서 시계 동기화"을(를) 실행하는 동안 오류가 발생했습니다.

시계 동기화 확인 중...실패
  NTP(네트워크 시간 프로토콜) 확인 중...실패
  rac2: PRVG-1017 : NTP 데몬 또는 서비스가 실행 중이 아닌 "rac2,rac1" 노드에 NTP 구성 파일
        "/etc/chrony.conf"이(가) 있습니다.

  rac1: PRVG-1017 : NTP 데몬 또는 서비스가 실행 중이 아닌 "rac2,rac1" 노드에 NTP 구성 파일
        "/etc/chrony.conf"이(가) 있습니다.

    '/var/run/ntpd.pid' 확인 중...WARNING
    PRVG-1019 : NTP 구성 파일 "/var/run/ntpd.pid"이(가) "rac2,rac1" 노드에 존재하지 않습니다.

    '/var/run/chronyd.pid' 확인 중...WARNING
    PRVG-1019 : NTP 구성 파일 "/var/run/chronyd.pid"이(가) "rac2,rac1" 노드에 존재하지 않습니다.

    데몬 'ntpd' 확인 중...실패
    PRVG-1024 : NTP 데몬 또는 서비스가 클러스터 노드에서 실행되고 있지 않습니다.

    rac2: PRVF-7590 : "ntpd"이(가) "rac2" 노드에서 실행 중이 아닙니다.
    rac2: "ntpd" 동작 여부에 대한 검사를 실패했습니다.

    rac1: PRVF-7590 : "ntpd"이(가) "rac1" 노드에서 실행 중이 아닙니다.
    rac1: "ntpd" 동작 여부에 대한 검사를 실패했습니다.

    데몬 'chronyd' 확인 중...실패
    PRVG-1024 : NTP 데몬 또는 서비스가 클러스터 노드에서 실행되고 있지 않습니다.

    rac2: PRVF-7590 : "chronyd"이(가) "rac2" 노드에서 실행 중이 아닙니다.
    rac2: "chronyd" 동작 여부에 대한 검사를 실패했습니다.

    rac1: PRVF-7590 : "chronyd"이(가) "rac1" 노드에서 실행 중이 아닙니다.
    rac1: "chronyd" 동작 여부에 대한 검사를 실패했습니다.


수행된 CVU 작업:                   클러스터 노드에서 시계 동기화
날짜:                           2024. 7. 17 오후 3:47:11
CVU 홈:                        /u01/app/19c/grid/
사용자:                          oracle
