
물리적 메모리 확인 중...
  노드 이름         사용 가능                     필수                        상태        
  ------------  ------------------------  ------------------------  ----------
  rac2          3.5614GB (3734396.0KB)    8GB (8388608.0KB)         실패        
  rac1          3.5614GB (3734412.0KB)    8GB (8388608.0KB)         실패        
물리적 메모리 확인 중...실패 (PRVF-7530)
사용 가능한 물리적 메모리 확인 중...
  노드 이름         사용 가능                     필수                        상태        
  ------------  ------------------------  ------------------------  ----------
  rac2          1.6404GB (1720136.0KB)    50MB (51200.0KB)          성공        
  rac1          1.3012GB (1364384.0KB)    50MB (51200.0KB)          성공        
사용 가능한 물리적 메모리 확인 중...성공
교체 크기 확인 중...
  노드 이름         사용 가능                     필수                        상태        
  ------------  ------------------------  ------------------------  ----------
  rac2          3.875GB (4063228.0KB)     3.5614GB (3734396.0KB)    성공        
  rac1          3.875GB (4063228.0KB)     3.5614GB (3734412.0KB)    성공        
교체 크기 확인 중...성공
사용 가능한 공간: rac2:/usr,rac2:/var,rac2:/etc,rac2:/sbin,rac2:/tmp 확인 중...
  경로                노드 이름         마운트 위치        사용 가능         필수            상태          
  ----------------  ------------  ------------  ------------  ------------  ------------
  /usr              rac2          /             13.8916GB     25MB          성공          
  /var              rac2          /             13.8916GB     5MB           성공          
  /etc              rac2          /             13.8916GB     25MB          성공          
  /sbin             rac2          /             13.8916GB     10MB          성공          
  /tmp              rac2          /             13.8916GB     1GB           성공          
사용 가능한 공간: rac2:/usr,rac2:/var,rac2:/etc,rac2:/sbin,rac2:/tmp 확인 중...성공
사용 가능한 공간: rac1:/usr,rac1:/var,rac1:/etc,rac1:/sbin,rac1:/tmp 확인 중...
  경로                노드 이름         마운트 위치        사용 가능         필수            상태          
  ----------------  ------------  ------------  ------------  ------------  ------------
  /usr              rac1          /             19.167GB      25MB          성공          
  /var              rac1          /             19.167GB      5MB           성공          
  /etc              rac1          /             19.167GB      25MB          성공          
  /sbin             rac1          /             19.167GB      10MB          성공          
  /tmp              rac1          /             19.167GB      1GB           성공          
사용 가능한 공간: rac1:/usr,rac1:/var,rac1:/etc,rac1:/sbin,rac1:/tmp 확인 중...성공
사용자 존재 여부: oracle 확인 중...
  노드 이름         상태                        설명                      
  ------------  ------------------------  ------------------------
  rac2          성공                        존재함(54321)              
  rac1          성공                        존재함(54321)              

  UID가 동일한 사용자입니다.: 54321 확인 중...성공
사용자 존재 여부: oracle 확인 중...성공
그룹 존재 여부: dba 확인 중...
  노드 이름         상태                        설명                      
  ------------  ------------------------  ------------------------
  rac2          성공                        존재함                     
  rac1          성공                        존재함                     
그룹 존재 여부: dba 확인 중...성공
그룹 존재 여부: oinstall 확인 중...
  노드 이름         상태                        설명                      
  ------------  ------------------------  ------------------------
  rac2          성공                        존재함                     
  rac1          성공                        존재함                     
그룹 존재 여부: oinstall 확인 중...성공
그룹 멤버쉽: oinstall(기본) 확인 중...
  노드 이름             사용자가 존재함      그룹이 존재함       그룹의 사용자       기본            상태          
  ----------------  ------------  ------------  ------------  ------------  ------------
  rac2              예             예             예             예             성공          
  rac1              예             예             예             예             성공          
그룹 멤버쉽: oinstall(기본) 확인 중...성공
그룹 멤버쉽: dba 확인 중...
  노드 이름             사용자가 존재함      그룹이 존재함       그룹의 사용자       상태              
  ----------------  ------------  ------------  ------------  ----------------
  rac2              예             예             예             성공              
  rac1              예             예             예             성공              
그룹 멤버쉽: dba 확인 중...성공
실행 레벨 확인 중...
  노드 이름         실행 레벨                     필수                        상태        
  ------------  ------------------------  ------------------------  ----------
  rac2          5                         3,5                       성공        
  rac1          5                         3,5                       성공        
실행 레벨 확인 중...성공
완전 제한: 최대 열린 파일 기술자 확인 중...
  노드 이름             유형            사용 가능         필수            상태              
  ----------------  ------------  ------------  ------------  ----------------
  rac2              완전            65536         65536         성공              
  rac1              완전            65536         65536         성공              
완전 제한: 최대 열린 파일 기술자 확인 중...성공
부분 제한: 최대 열린 파일 기술자 확인 중...
  노드 이름             유형            사용 가능         필수            상태              
  ----------------  ------------  ------------  ------------  ----------------
  rac2              부분            1024          1024          성공              
  rac1              부분            1024          1024          성공              
부분 제한: 최대 열린 파일 기술자 확인 중...성공
완전 제한: 최대 사용자 프로세스 확인 중...
  노드 이름             유형            사용 가능         필수            상태              
  ----------------  ------------  ------------  ------------  ----------------
  rac2              완전            16384         16384         성공              
  rac1              완전            16384         16384         성공              
완전 제한: 최대 사용자 프로세스 확인 중...성공
부분 제한: 최대 사용자 프로세스 확인 중...
  노드 이름             유형            사용 가능         필수            상태              
  ----------------  ------------  ------------  ------------  ----------------
  rac2              부분            16384         2047          성공              
  rac1              부분            16384         2047          성공              
부분 제한: 최대 사용자 프로세스 확인 중...성공
부분 제한: 최대 스택 크기 확인 중...
  노드 이름             유형            사용 가능         필수            상태              
  ----------------  ------------  ------------  ------------  ----------------
  rac2              부분            10240         10240         성공              
  rac1              부분            10240         10240         성공              
부분 제한: 최대 스택 크기 확인 중...성공
구조 확인 중...
  노드 이름         사용 가능                     필수                        상태        
  ------------  ------------------------  ------------------------  ----------
  rac2          x86_64                    x86_64                    성공        
  rac1          x86_64                    x86_64                    성공        
구조 확인 중...성공
OS 커널 버전 확인 중...
  노드 이름         사용 가능                     필수                        상태        
  ------------  ------------------------  ------------------------  ----------
  rac2          5.4.17-2102.201.3.el7uek.x86_64  4.1.12                    성공        
  rac1          5.4.17-2102.201.3.el7uek.x86_64  4.1.12                    성공        
OS 커널 버전 확인 중...성공
OS 커널 매개변수: semmsl 확인 중...
  노드 이름             현재            구성됨           필수            상태            설명          
  ----------------  ------------  ------------  ------------  ------------  ------------
  rac1              250           250           250           성공              
  rac2              250           250           250           성공              
OS 커널 매개변수: semmsl 확인 중...성공
OS 커널 매개변수: semmns 확인 중...
  노드 이름             현재            구성됨           필수            상태            설명          
  ----------------  ------------  ------------  ------------  ------------  ------------
  rac1              32000         32000         32000         성공              
  rac2              32000         32000         32000         성공              
OS 커널 매개변수: semmns 확인 중...성공
OS 커널 매개변수: semopm 확인 중...
  노드 이름             현재            구성됨           필수            상태            설명          
  ----------------  ------------  ------------  ------------  ------------  ------------
  rac1              100           100           100           성공              
  rac2              100           100           100           성공              
OS 커널 매개변수: semopm 확인 중...성공
OS 커널 매개변수: semmni 확인 중...
  노드 이름             현재            구성됨           필수            상태            설명          
  ----------------  ------------  ------------  ------------  ------------  ------------
  rac1              128           128           128           성공              
  rac2              128           128           128           성공              
OS 커널 매개변수: semmni 확인 중...성공
OS 커널 매개변수: shmmax 확인 중...
  노드 이름             현재            구성됨           필수            상태            설명          
  ----------------  ------------  ------------  ------------  ------------  ------------
  rac1              4398046511104  4398046511104  1912018944    성공              
  rac2              4398046511104  4398046511104  1912010752    성공              
OS 커널 매개변수: shmmax 확인 중...성공
OS 커널 매개변수: shmmni 확인 중...
  노드 이름             현재            구성됨           필수            상태            설명          
  ----------------  ------------  ------------  ------------  ------------  ------------
  rac1              4096          4096          4096          성공              
  rac2              4096          4096          4096          성공              
OS 커널 매개변수: shmmni 확인 중...성공
OS 커널 매개변수: shmall 확인 중...
  노드 이름             현재            구성됨           필수            상태            설명          
  ----------------  ------------  ------------  ------------  ------------  ------------
  rac1              1073741824    1073741824    1073741824    성공              
  rac2              1073741824    1073741824    1073741824    성공              
OS 커널 매개변수: shmall 확인 중...성공
OS 커널 매개변수: file-max 확인 중...
  노드 이름             현재            구성됨           필수            상태            설명          
  ----------------  ------------  ------------  ------------  ------------  ------------
  rac1              6815744       6815744       6815744       성공              
  rac2              6815744       6815744       6815744       성공              
OS 커널 매개변수: file-max 확인 중...성공
OS 커널 매개변수: ip_local_port_range 확인 중...
  노드 이름             현재            구성됨           필수            상태            설명          
  ----------------  ------------  ------------  ------------  ------------  ------------
  rac1              between 9000 & 65500  between 9000 & 65500  between 9000 & 65535  성공              
  rac2              between 9000 & 65500  between 9000 & 65500  between 9000 & 65535  성공              
OS 커널 매개변수: ip_local_port_range 확인 중...성공
OS 커널 매개변수: rmem_default 확인 중...
  노드 이름             현재            구성됨           필수            상태            설명          
  ----------------  ------------  ------------  ------------  ------------  ------------
  rac1              262144        262144        262144        성공              
  rac2              262144        262144        262144        성공              
OS 커널 매개변수: rmem_default 확인 중...성공
OS 커널 매개변수: rmem_max 확인 중...
  노드 이름             현재            구성됨           필수            상태            설명          
  ----------------  ------------  ------------  ------------  ------------  ------------
  rac1              4194304       4194304       4194304       성공              
  rac2              4194304       4194304       4194304       성공              
OS 커널 매개변수: rmem_max 확인 중...성공
OS 커널 매개변수: wmem_default 확인 중...
  노드 이름             현재            구성됨           필수            상태            설명          
  ----------------  ------------  ------------  ------------  ------------  ------------
  rac1              262144        262144        262144        성공              
  rac2              262144        262144        262144        성공              
OS 커널 매개변수: wmem_default 확인 중...성공
OS 커널 매개변수: wmem_max 확인 중...
  노드 이름             현재            구성됨           필수            상태            설명          
  ----------------  ------------  ------------  ------------  ------------  ------------
  rac1              1048576       1048576       1048576       성공              
  rac2              1048576       1048576       1048576       성공              
OS 커널 매개변수: wmem_max 확인 중...성공
OS 커널 매개변수: aio-max-nr 확인 중...
  노드 이름             현재            구성됨           필수            상태            설명          
  ----------------  ------------  ------------  ------------  ------------  ------------
  rac1              1048576       1048576       1048576       성공              
  rac2              1048576       1048576       1048576       성공              
OS 커널 매개변수: aio-max-nr 확인 중...성공
OS 커널 매개변수: panic_on_oops 확인 중...
  노드 이름             현재            구성됨           필수            상태            설명          
  ----------------  ------------  ------------  ------------  ------------  ------------
  rac1              1             1             1             성공              
  rac2              1             1             1             성공              
OS 커널 매개변수: panic_on_oops 확인 중...성공
패키지: kmod-20-21 (x86_64) 확인 중...
  노드 이름         사용 가능                     필수                        상태        
  ------------  ------------------------  ------------------------  ----------
  rac2          kmod(x86_64)-20-28.0.3.el7  kmod(x86_64)-20-21        성공        
  rac1          kmod(x86_64)-20-28.0.3.el7  kmod(x86_64)-20-21        성공        
패키지: kmod-20-21 (x86_64) 확인 중...성공
패키지: kmod-libs-20-21 (x86_64) 확인 중...
  노드 이름         사용 가능                     필수                        상태        
  ------------  ------------------------  ------------------------  ----------
  rac2          kmod-libs(x86_64)-20-28.0.3.el7  kmod-libs(x86_64)-20-21   성공        
  rac1          kmod-libs(x86_64)-20-28.0.3.el7  kmod-libs(x86_64)-20-21   성공        
패키지: kmod-libs-20-21 (x86_64) 확인 중...성공
패키지: binutils-2.23.52.0.1 확인 중...
  노드 이름         사용 가능                     필수                        상태        
  ------------  ------------------------  ------------------------  ----------
  rac2          binutils-2.27-44.base.0.1.el7  binutils-2.23.52.0.1      성공        
  rac1          binutils-2.27-44.base.0.1.el7  binutils-2.23.52.0.1      성공        
패키지: binutils-2.23.52.0.1 확인 중...성공
패키지: compat-libcap1-1.10 확인 중...
  노드 이름         사용 가능                     필수                        상태        
  ------------  ------------------------  ------------------------  ----------
  rac2          compat-libcap1-1.10-7.el7  compat-libcap1-1.10       성공        
  rac1          compat-libcap1-1.10-7.el7  compat-libcap1-1.10       성공        
패키지: compat-libcap1-1.10 확인 중...성공
패키지: libgcc-4.8.2 (x86_64) 확인 중...
  노드 이름         사용 가능                     필수                        상태        
  ------------  ------------------------  ------------------------  ----------
  rac2          libgcc(x86_64)-4.8.5-44.0.3.el7  libgcc(x86_64)-4.8.2      성공        
  rac1          libgcc(x86_64)-4.8.5-44.0.3.el7  libgcc(x86_64)-4.8.2      성공        
패키지: libgcc-4.8.2 (x86_64) 확인 중...성공
패키지: libstdc++-4.8.2 (x86_64) 확인 중...
  노드 이름         사용 가능                     필수                        상태        
  ------------  ------------------------  ------------------------  ----------
  rac2          libstdc++(x86_64)-4.8.5-44.0.3.el7  libstdc++(x86_64)-4.8.2   성공        
  rac1          libstdc++(x86_64)-4.8.5-44.0.3.el7  libstdc++(x86_64)-4.8.2   성공        
패키지: libstdc++-4.8.2 (x86_64) 확인 중...성공
패키지: libstdc++-devel-4.8.2 (x86_64) 확인 중...
  노드 이름         사용 가능                     필수                        상태        
  ------------  ------------------------  ------------------------  ----------
  rac2          libstdc++-devel(x86_64)-4.8.5-44.0.3.el7  libstdc++-devel(x86_64)-4.8.2  성공        
  rac1          libstdc++-devel(x86_64)-4.8.5-44.0.3.el7  libstdc++-devel(x86_64)-4.8.2  성공        
패키지: libstdc++-devel-4.8.2 (x86_64) 확인 중...성공
패키지: sysstat-10.1.5 확인 중...
  노드 이름         사용 가능                     필수                        상태        
  ------------  ------------------------  ------------------------  ----------
  rac2          sysstat-10.1.5-19.el7     sysstat-10.1.5            성공        
  rac1          sysstat-10.1.5-19.el7     sysstat-10.1.5            성공        
패키지: sysstat-10.1.5 확인 중...성공
패키지: ksh 확인 중...
  노드 이름         사용 가능                     필수                        상태        
  ------------  ------------------------  ------------------------  ----------
  rac2          ksh                       ksh                       성공        
  rac1          ksh                       ksh                       성공        
패키지: ksh 확인 중...성공
패키지: make-3.82 확인 중...
  노드 이름         사용 가능                     필수                        상태        
  ------------  ------------------------  ------------------------  ----------
  rac2          make-3.82-24.el7          make-3.82                 성공        
  rac1          make-3.82-24.el7          make-3.82                 성공        
패키지: make-3.82 확인 중...성공
패키지: glibc-2.17 (x86_64) 확인 중...
  노드 이름         사용 가능                     필수                        상태        
  ------------  ------------------------  ------------------------  ----------
  rac2          glibc(x86_64)-2.17-317.0.1.el7  glibc(x86_64)-2.17        성공        
  rac1          glibc(x86_64)-2.17-317.0.1.el7  glibc(x86_64)-2.17        성공        
패키지: glibc-2.17 (x86_64) 확인 중...성공
패키지: glibc-devel-2.17 (x86_64) 확인 중...
  노드 이름         사용 가능                     필수                        상태        
  ------------  ------------------------  ------------------------  ----------
  rac2          glibc-devel(x86_64)-2.17-317.0.1.el7  glibc-devel(x86_64)-2.17  성공        
  rac1          glibc-devel(x86_64)-2.17-317.0.1.el7  glibc-devel(x86_64)-2.17  성공        
패키지: glibc-devel-2.17 (x86_64) 확인 중...성공
패키지: libaio-0.3.109 (x86_64) 확인 중...
  노드 이름         사용 가능                     필수                        상태        
  ------------  ------------------------  ------------------------  ----------
  rac2          libaio(x86_64)-0.3.109-13.el7  libaio(x86_64)-0.3.109    성공        
  rac1          libaio(x86_64)-0.3.109-13.el7  libaio(x86_64)-0.3.109    성공        
패키지: libaio-0.3.109 (x86_64) 확인 중...성공
패키지: libaio-devel-0.3.109 (x86_64) 확인 중...
  노드 이름         사용 가능                     필수                        상태        
  ------------  ------------------------  ------------------------  ----------
  rac2          libaio-devel(x86_64)-0.3.109-13.el7  libaio-devel(x86_64)-0.3.109  성공        
  rac1          libaio-devel(x86_64)-0.3.109-13.el7  libaio-devel(x86_64)-0.3.109  성공        
패키지: libaio-devel-0.3.109 (x86_64) 확인 중...성공
패키지: nfs-utils-1.2.3-15 확인 중...
  노드 이름         사용 가능                     필수                        상태        
  ------------  ------------------------  ------------------------  ----------
  rac2          nfs-utils-1.3.0-0.68.0.1.el7  nfs-utils-1.2.3-15        성공        
  rac1          nfs-utils-1.3.0-0.68.0.1.el7  nfs-utils-1.2.3-15        성공        
패키지: nfs-utils-1.2.3-15 확인 중...성공
패키지: smartmontools-6.2-4 확인 중...
  노드 이름         사용 가능                     필수                        상태        
  ------------  ------------------------  ------------------------  ----------
  rac2          smartmontools-7.0-2.el7   smartmontools-6.2-4       성공        
  rac1          smartmontools-7.0-2.el7   smartmontools-6.2-4       성공        
패키지: smartmontools-6.2-4 확인 중...성공
패키지: net-tools-2.0-0.17 확인 중...
  노드 이름         사용 가능                     필수                        상태        
  ------------  ------------------------  ------------------------  ----------
  rac2          net-tools-2.0-0.25.20131004git.el7  net-tools-2.0-0.17        성공        
  rac1          net-tools-2.0-0.25.20131004git.el7  net-tools-2.0-0.17        성공        
패키지: net-tools-2.0-0.17 확인 중...성공
UID가 동일한 사용자입니다.: 0 확인 중...성공
루트 사용자 일관성 확인 중...
  노드 이름                                 상태                      
  ------------------------------------  ------------------------
  rac2                                  성공                      
  rac1                                  성공                      
루트 사용자 일관성 확인 중...성공
시간대 일관성 확인 중...성공

지정된 모든 노드에서 시스템 요구사항 확인을 실패했습니다. 


CVU 확인 요청 "시스템 요구사항"을(를) 실행하는 동안 오류가 발생했습니다.

물리적 메모리 확인 중...실패
rac2: PRVF-7530 : "rac2" 노드에서 사용 가능한 물리적 메모리가 부족합니다. [필요한 물리적 메모리 = 8GB
      (8388608.0KB)]

rac1: PRVF-7530 : "rac1" 노드에서 사용 가능한 물리적 메모리가 부족합니다. [필요한 물리적 메모리 = 8GB
      (8388608.0KB)]


수행된 CVU 작업:                   시스템 요구사항
날짜:                           2024. 7. 17 오후 4:08:45
CVU 홈:                        /u01/app/19c/grid/
사용자:                          oracle
