
노드 접속 확인 중...
  호스트 파일 확인 중...성공
  최대(MTU) 크기 패킷이 서브넷을 통과하는지 검사 확인 중...성공
  "100.0.0.0" 서브넷에 대한 서브넷 마스크 일관성 확인 중...성공
  "10.0.0.0" 서브넷에 대한 서브넷 마스크 일관성 확인 중...성공
노드 접속 확인 중...성공
멀티캐스트 또는 브로드캐스트 검사 확인 중...성공
시간대 일관성 확인 중...성공
클러스터 관리자 무결성 확인 중...성공
사용자 마스크 확인 중...성공
클러스터 무결성 확인 중...성공
OCR 무결성 확인 중...성공
CRS 무결성 확인 중...
  Clusterware 버전 일관성 확인 중...성공
CRS 무결성 확인 중...성공
노드 애플리케이션 존재 여부 확인 중...성공
SCAN(단일 클라이언트 액세스 이름) 확인 중...
  DNS/NIS 이름 서비스 'rac-scan' 확인 중...
    이름 서비스 스위치 구성 파일 무결성 확인 중...성공
  DNS/NIS 이름 서비스 'rac-scan' 확인 중...실패 (PRVG-11826, PRVG-11827, PRVF-4664)
SCAN(단일 클라이언트 액세스 이름) 확인 중...실패 (PRVG-11372, PRVG-11826, PRVG-11827)
OLR 무결성 확인 중...성공
선호 디스크 확인 중...성공
ASM 무결성 확인 중...성공
ASM 디스크 그룹 사용 가능한 공간 확인 중...성공
사용자가 그룹에 없습니다. "root": oracle 확인 중...성공
시계 동기화 확인 중...
CTSS가 관찰자 상태입니다. NTP를 사용하는 시계 동기화 검사로 전환됩니다.

  NTP(네트워크 시간 프로토콜) 확인 중...
    '/etc/chrony.conf' 확인 중...성공
    '/var/run/ntpd.pid' 확인 중...WARNING (PRVG-1019)
    '/var/run/chronyd.pid' 확인 중...WARNING (PRVG-1019)
    데몬 'ntpd' 확인 중...실패 (PRVG-1024, PRVF-7590)
    데몬 'chronyd' 확인 중...실패 (PRVG-1024, PRVF-7590)
  NTP(네트워크 시간 프로토콜) 확인 중...실패 (PRVG-1019, PRVG-1024, PRVG-1017)
시계 동기화 확인 중...실패 (PRVG-1019, PRVG-1024, PRVF-7590, PRVG-1017)
VIP 서브넷 구성 검사 확인 중...성공
네트워크 구성 일관성 검사 확인 중...성공
GI_HOME 경로에 대한 파일 시스템 마운트 옵션 확인 중...성공
/var/tmp/.oracle에 대한 액세스 제어 속성 확인 중...성공
%OCRCONFIGDIR%/maps에 대한 액세스 제어 속성 확인 중...성공

클러스터 서비스 설정에 대한 사후 확인을 실패했습니다. 
다음 노드에 대한 검사를 실패했습니다.
	rac2,rac1


CVU 확인 요청 "stage -post crsinst"을(를) 실행하는 동안 오류가 발생했습니다.

SCAN(단일 클라이언트 액세스 이름) 확인 중...실패
PRVG-11372 : SCAN "rac-scan"이(가) 분석된 SCAN IP 주소 수가 SCAN VIP 리소스 수와 일치하지 않습니다.

  DNS/NIS 이름 서비스 'rac-scan' 확인 중...실패
  PRVG-11826 : SCAN 이름 "rac-scan"에 대해 DNS 분석 IP 주소 ""을(를) 이름 서비스 반환 IP 주소
  "10.0.2.21,10.0.2.22,10.0.2.20"에서 찾을 수 없습니다.
  PRVG-11827 : SCAN 이름 "rac-scan"에 대해 이름 서비스 반환 IP 주소
  "10.0.2.21,10.0.2.22,10.0.2.20"을(를) DNS 반환 IP 주소 ""에서 찾을 수 없습니다.

  rac2: PRVF-4664 : SCAN 이름 "rac-scan"에 대해 일치하지 않는 이름 분석 항목을 발견했습니다.

  rac1: PRVF-4664 : SCAN 이름 "rac-scan"에 대해 일치하지 않는 이름 분석 항목을 발견했습니다.

시계 동기화 확인 중...실패
  NTP(네트워크 시간 프로토콜) 확인 중...실패
  rac2: PRVG-1017 : NTP 데몬 또는 서비스가 실행 중이 아닌 "rac2,rac1" 노드에 NTP 구성 파일
        "/etc/chrony.conf"이(가) 있습니다.

  rac1: PRVG-1017 : NTP 데몬 또는 서비스가 실행 중이 아닌 "rac2,rac1" 노드에 NTP 구성 파일
        "/etc/chrony.conf"이(가) 있습니다.

    '/var/run/ntpd.pid' 확인 중...WARNING
    PRVG-1019 : NTP 구성 파일 "/var/run/ntpd.pid"이(가) "rac2,rac1" 노드에 존재하지 않습니다.

    '/var/run/chronyd.pid' 확인 중...WARNING
    PRVG-1019 : NTP 구성 파일 "/var/run/chronyd.pid"이(가) "rac2,rac1" 노드에 존재하지 않습니다.

    데몬 'ntpd' 확인 중...실패
    PRVG-1024 : NTP 데몬 또는 서비스가 클러스터 노드에서 실행되고 있지 않습니다.

    rac2: PRVF-7590 : "ntpd"이(가) "rac2" 노드에서 실행 중이 아닙니다.
    rac2: "ntpd" 동작 여부에 대한 검사를 실패했습니다.

    rac1: PRVF-7590 : "ntpd"이(가) "rac1" 노드에서 실행 중이 아닙니다.
    rac1: "ntpd" 동작 여부에 대한 검사를 실패했습니다.

    데몬 'chronyd' 확인 중...실패
    PRVG-1024 : NTP 데몬 또는 서비스가 클러스터 노드에서 실행되고 있지 않습니다.

    rac2: PRVF-7590 : "chronyd"이(가) "rac2" 노드에서 실행 중이 아닙니다.
    rac2: "chronyd" 동작 여부에 대한 검사를 실패했습니다.

    rac1: PRVF-7590 : "chronyd"이(가) "rac1" 노드에서 실행 중이 아닙니다.
    rac1: "chronyd" 동작 여부에 대한 검사를 실패했습니다.


수행된 CVU 작업:                   stage -post crsinst
날짜:                           2024. 7. 18 오전 9:28:16
CVU 홈:                        /u01/app/19c/grid/
사용자:                          oracle
