
물리적 메모리 확인 중...성공
사용 가능한 물리적 메모리 확인 중...성공
교체 크기 확인 중...성공
사용 가능한 공간: rac2:/tmp 확인 중...성공
사용 가능한 공간: rac1:/tmp 확인 중...성공
사용자 존재 여부: oracle 확인 중...
  UID가 동일한 사용자입니다.: 54321 확인 중...성공
사용자 존재 여부: oracle 확인 중...성공
그룹 존재 여부: dba 확인 중...성공
그룹 존재 여부: oinstall 확인 중...성공
그룹 멤버쉽: oinstall(기본) 확인 중...성공
그룹 멤버쉽: dba 확인 중...성공
실행 레벨 확인 중...성공
완전 제한: 최대 열린 파일 기술자 확인 중...성공
부분 제한: 최대 열린 파일 기술자 확인 중...성공
완전 제한: 최대 사용자 프로세스 확인 중...성공
부분 제한: 최대 사용자 프로세스 확인 중...성공
부분 제한: 최대 스택 크기 확인 중...성공
구조 확인 중...성공
OS 커널 버전 확인 중...성공
OS 커널 매개변수: semmsl 확인 중...성공
OS 커널 매개변수: semmns 확인 중...성공
OS 커널 매개변수: semopm 확인 중...성공
OS 커널 매개변수: semmni 확인 중...성공
OS 커널 매개변수: shmmax 확인 중...성공
OS 커널 매개변수: shmmni 확인 중...성공
OS 커널 매개변수: shmall 확인 중...성공
OS 커널 매개변수: file-max 확인 중...성공
OS 커널 매개변수: ip_local_port_range 확인 중...성공
OS 커널 매개변수: rmem_default 확인 중...성공
OS 커널 매개변수: rmem_max 확인 중...성공
OS 커널 매개변수: wmem_default 확인 중...성공
OS 커널 매개변수: wmem_max 확인 중...성공
OS 커널 매개변수: aio-max-nr 확인 중...성공
패키지: kmod-20-21 (x86_64) 확인 중...성공
패키지: kmod-libs-20-21 (x86_64) 확인 중...성공
패키지: binutils-2.23.52.0.1 확인 중...성공
패키지: compat-libcap1-1.10 확인 중...성공
패키지: libgcc-4.8.2 (x86_64) 확인 중...성공
패키지: libstdc++-4.8.2 (x86_64) 확인 중...성공
패키지: libstdc++-devel-4.8.2 (x86_64) 확인 중...성공
패키지: sysstat-10.1.5 확인 중...성공
패키지: ksh 확인 중...성공
패키지: make-3.82 확인 중...성공
패키지: glibc-2.17 (x86_64) 확인 중...성공
패키지: glibc-devel-2.17 (x86_64) 확인 중...성공
패키지: libaio-0.3.109 (x86_64) 확인 중...성공
패키지: libaio-devel-0.3.109 (x86_64) 확인 중...성공
패키지: smartmontools-6.2-4 확인 중...성공
패키지: net-tools-2.0-0.17 확인 중...성공
현재 그룹 ID 확인 중...성공
CRS 무결성 확인 중...
  Clusterware 버전 일관성 확인 중...성공
CRS 무결성 확인 중...성공
노드 애플리케이션 존재 여부 확인 중...성공
시간대 일관성 확인 중...성공
SCAN(단일 클라이언트 액세스 이름) 확인 중...
  DNS/NIS 이름 서비스 'rac-scan' 확인 중...
    이름 서비스 스위치 구성 파일 무결성 확인 중...성공
  DNS/NIS 이름 서비스 'rac-scan' 확인 중...실패 (PRVG-11826, PRVG-11827, PRVF-4664)
SCAN(단일 클라이언트 액세스 이름) 확인 중...실패 (PRVG-11372, PRVG-11826, PRVG-11827)
ASM 무결성 확인 중...
  노드 접속 확인 중...
    호스트 파일 확인 중...성공
    최대(MTU) 크기 패킷이 서브넷을 통과하는지 검사 확인 중...성공
    "100.0.0.0" 서브넷에 대한 서브넷 마스크 일관성 확인 중...성공
    "10.0.0.0" 서브넷에 대한 서브넷 마스크 일관성 확인 중...성공
  노드 접속 확인 중...성공
ASM 무결성 확인 중...성공
데이터베이스 Clusterware 버전 호환성 확인 중...성공
잠금 메모리 최대값 검사 확인 중...성공
ORACLE_HOME 경로에 대한 파일 시스템 마운트 옵션 확인 중...성공
/dev/shm이 임시 파일 시스템으로 마운트됨 확인 중...성공

모든 노드에서 데이터베이스 구성에 대한 사전 확인을 실패했습니다. 


CVU 확인 요청 "stage -pre dbcfg"을(를) 실행하는 동안 오류가 발생했습니다.

SCAN(단일 클라이언트 액세스 이름) 확인 중...실패
PRVG-11372 : SCAN "rac-scan"이(가) 분석된 SCAN IP 주소 수가 SCAN VIP 리소스 수와 일치하지 않습니다.

  DNS/NIS 이름 서비스 'rac-scan' 확인 중...실패
  PRVG-11826 : SCAN 이름 "rac-scan"에 대해 DNS 분석 IP 주소 ""을(를) 이름 서비스 반환 IP 주소
  "10.0.2.21,10.0.2.22,10.0.2.20"에서 찾을 수 없습니다.
  PRVG-11827 : SCAN 이름 "rac-scan"에 대해 이름 서비스 반환 IP 주소
  "10.0.2.21,10.0.2.22,10.0.2.20"을(를) DNS 반환 IP 주소 ""에서 찾을 수 없습니다.

  rac2: PRVF-4664 : SCAN 이름 "rac-scan"에 대해 일치하지 않는 이름 분석 항목을 발견했습니다.

  rac1: PRVF-4664 : SCAN 이름 "rac-scan"에 대해 일치하지 않는 이름 분석 항목을 발견했습니다.


수행된 CVU 작업:                   stage -pre dbcfg
날짜:                           2024. 7. 18 오전 10:02:41
CVU 홈:                        /u01/app/19c/grid/
사용자:                          oracle
