
노드 애플리케이션 존재 여부 확인 중...

VIP 노드 애플리케이션이 존재하는지 검사하는 중(필수)

  노드 이름         필수                        실행 중?                     설명        
  ------------  ------------------------  ------------------------  ----------
  rac1          예                         예                         성공        
  rac2          예                         예                         성공        


NETWORK 노드 애플리케이션이 존재하는지 검사하는 중(필수)

  노드 이름         필수                        실행 중?                     설명        
  ------------  ------------------------  ------------------------  ----------
  rac1          예                         예                         성공        
  rac2          예                         예                         성공        


ONS 노드 애플리케이션이 존재하는지 검사하는 중(선택사항)

  노드 이름         필수                        실행 중?                     설명        
  ------------  ------------------------  ------------------------  ----------
  rac1          아니오                       예                         성공        
  rac2          아니오                       예                         성공        
노드 애플리케이션 존재 여부 확인 중...성공

노드 애플리케이션 존재 여부 확인 작업을 성공했습니다. 

수행된 CVU 작업:                   노드 애플리케이션 존재 여부
날짜:                           2024. 7. 17 오후 4:35:32
CVU 홈:                        /u01/app/19c/grid/
사용자:                          oracle
