
피어 호환성 확인 중...
  물리적 메모리 확인 중...성공

  노드 이름                                 상태                      
  ------------------------------------  ------------------------
  rac2                                  3.5614GB (3734396.0KB)  
  rac1                                  3.5614GB (3734396.0KB)  


  사용 가능한 메모리 확인 중...성공

  노드 이름                                 상태                      
  ------------------------------------  ------------------------
  rac2                                  1.6616GB (1742312.0KB)  
  rac1                                  1.4584GB (1529264.0KB)  


  교체 공간 확인 중...성공

  노드 이름                                 상태                      
  ------------------------------------  ------------------------
  rac2                                  3.875GB (4063228.0KB)   
  rac1                                  3.875GB (4063228.0KB)   


  사용 가능한 공간 확인 중...성공

  노드 이름         경로                        마운트 위치                    상태        
  ------------  ------------------------  ------------------------  ----------
  rac2          /usr                      /                         13.8291GB (1.4500864E7KB)
  rac1          /usr                      /                         19.0244GB (1.9948544E7KB)

  노드 이름         경로                        마운트 위치                    상태        
  ------------  ------------------------  ------------------------  ----------
  rac2          /var                      /                         13.8291GB (1.4500864E7KB)
  rac1          /var                      /                         19.0244GB (1.9948544E7KB)

  노드 이름         경로                        마운트 위치                    상태        
  ------------  ------------------------  ------------------------  ----------
  rac2          /etc                      /                         13.8291GB (1.4500864E7KB)
  rac1          /etc                      /                         19.0244GB (1.9948544E7KB)

  노드 이름         경로                        마운트 위치                    상태        
  ------------  ------------------------  ------------------------  ----------
  rac2          /sbin                     /                         13.8291GB (1.4500864E7KB)
  rac1          /sbin                     /                         19.0244GB (1.9948544E7KB)

  노드 이름         경로                        마운트 위치                    상태        
  ------------  ------------------------  ------------------------  ----------
  rac2          /tmp                      /                         13.8291GB (1.4500864E7KB)
  rac1          /tmp                      /                         19.0244GB (1.9948544E7KB)


  "oracle"에 대한 사용자 존재 여부 확인 중...성공

  노드 이름                                 상태                      
  ------------------------------------  ------------------------
  rac2                                  oracle(54321)           
  rac1                                  oracle(54321)           


  "dba"에 대한 그룹 존재 여부 확인 중...성공

  노드 이름                                 상태                      
  ------------------------------------  ------------------------
  rac2                                  dba(54322)              
  rac1                                  dba(54322)              


  "oinstall"에 대한 그룹 존재 여부 확인 중...성공

  노드 이름                                 상태                      
  ------------------------------------  ------------------------
  rac2                                  oinstall(54321)         
  rac1                                  oinstall(54321)         


  "oinstall (기본)"의 "oracle"에 대한 그룹 멤버쉽 확인 중...성공

  노드 이름                                 상태                      
  ------------------------------------  ------------------------
  rac2                                  예                       
  rac1                                  예                       


  "dba"의 "oracle"에 대한 그룹 멤버쉽 확인 중...성공

  노드 이름                                 상태                      
  ------------------------------------  ------------------------
  rac2                                  예                       
  rac1                                  예                       


  실행 레벨 확인 중...성공

  노드 이름                                 상태                      
  ------------------------------------  ------------------------
  rac2                                  5                       
  rac1                                  5                       


  시스템 구조 확인 중...성공

  노드 이름                                 상태                      
  ------------------------------------  ------------------------
  rac2                                  x86_64                  
  rac1                                  x86_64                  


  커널 버전 확인 중...성공

  노드 이름                                 상태                      
  ------------------------------------  ------------------------
  rac2                                  5.4.17-2102.201.3.el7uek.x86_64
  rac1                                  5.4.17-2102.201.3.el7uek.x86_64


  커널 매개변수 "semmsl" 확인 중...성공

  노드 이름                                 상태                      
  ------------------------------------  ------------------------
  rac2                                  250                     
  rac1                                  250                     


  커널 매개변수 "semmns" 확인 중...성공

  노드 이름                                 상태                      
  ------------------------------------  ------------------------
  rac2                                  32000                   
  rac1                                  32000                   


  커널 매개변수 "semopm" 확인 중...성공

  노드 이름                                 상태                      
  ------------------------------------  ------------------------
  rac2                                  100                     
  rac1                                  100                     


  커널 매개변수 "semmni" 확인 중...성공

  노드 이름                                 상태                      
  ------------------------------------  ------------------------
  rac2                                  128                     
  rac1                                  128                     


  커널 매개변수 "shmmax" 확인 중...성공

  노드 이름                                 상태                      
  ------------------------------------  ------------------------
  rac2                                  4398046511104           
  rac1                                  4398046511104           


  커널 매개변수 "shmmni" 확인 중...성공

  노드 이름                                 상태                      
  ------------------------------------  ------------------------
  rac2                                  4096                    
  rac1                                  4096                    


  커널 매개변수 "shmall" 확인 중...성공

  노드 이름                                 상태                      
  ------------------------------------  ------------------------
  rac2                                  0                       
  rac1                                  0                       


  커널 매개변수 "file-max" 확인 중...성공

  노드 이름                                 상태                      
  ------------------------------------  ------------------------
  rac2                                  6815744                 
  rac1                                  6815744                 


  커널 매개변수 "ip_local_port_range" 확인 중...성공

  노드 이름                                 상태                      
  ------------------------------------  ------------------------
  rac2                                  9000 65500              
  rac1                                  9000 65500              


  커널 매개변수 "rmem_default" 확인 중...성공

  노드 이름                                 상태                      
  ------------------------------------  ------------------------
  rac2                                  262144                  
  rac1                                  262144                  


  커널 매개변수 "rmem_max" 확인 중...성공

  노드 이름                                 상태                      
  ------------------------------------  ------------------------
  rac2                                  4194304                 
  rac1                                  4194304                 


  커널 매개변수 "wmem_default" 확인 중...성공

  노드 이름                                 상태                      
  ------------------------------------  ------------------------
  rac2                                  262144                  
  rac1                                  262144                  


  커널 매개변수 "wmem_max" 확인 중...성공

  노드 이름                                 상태                      
  ------------------------------------  ------------------------
  rac2                                  1048576                 
  rac1                                  1048576                 


  커널 매개변수 "aio-max-nr" 확인 중...성공

  노드 이름                                 상태                      
  ------------------------------------  ------------------------
  rac2                                  1048576                 
  rac1                                  1048576                 


  커널 매개변수 "panic_on_oops" 확인 중...성공

  노드 이름                                 상태                      
  ------------------------------------  ------------------------
  rac2                                  1                       
  rac1                                  1                       


  "kmod (x86_64)"에 대한 패키지 존재 여부 확인 중...성공

  노드 이름                                 상태                      
  ------------------------------------  ------------------------
  rac2                                  kmod-20-28.0.3.el7 (x86_64)
  rac1                                  kmod-20-28.0.3.el7 (x86_64)


  "kmod-libs (x86_64)"에 대한 패키지 존재 여부 확인 중...성공

  노드 이름                                 상태                      
  ------------------------------------  ------------------------
  rac2                                  kmod-libs-20-28.0.3.el7 (x86_64)
  rac1                                  kmod-libs-20-28.0.3.el7 (x86_64)


  "binutils"에 대한 패키지 존재 여부 확인 중...성공

  노드 이름                                 상태                      
  ------------------------------------  ------------------------
  rac2                                  binutils-2.27-44.base.0.1.el7
  rac1                                  binutils-2.27-44.base.0.1.el7


  "compat-libcap1"에 대한 패키지 존재 여부 확인 중...성공

  노드 이름                                 상태                      
  ------------------------------------  ------------------------
  rac2                                  compat-libcap1-1.10-7.el7
  rac1                                  compat-libcap1-1.10-7.el7


  "libgcc (x86_64)"에 대한 패키지 존재 여부 확인 중...성공

  노드 이름                                 상태                      
  ------------------------------------  ------------------------
  rac2                                  libgcc-4.8.5-44.0.3.el7 (x86_64)
  rac1                                  libgcc-4.8.5-44.0.3.el7 (x86_64)


  "libstdc++ (x86_64)"에 대한 패키지 존재 여부 확인 중...성공

  노드 이름                                 상태                      
  ------------------------------------  ------------------------
  rac2                                  libstdc++-4.8.5-44.0.3.el7 (x86_64)
  rac1                                  libstdc++-4.8.5-44.0.3.el7 (x86_64)


  "libstdc++-devel (x86_64)"에 대한 패키지 존재 여부 확인 중...성공

  노드 이름                                 상태                      
  ------------------------------------  ------------------------
  rac2                                  libstdc++-devel-4.8.5-44.0.3.el7 (x86_64)
  rac1                                  libstdc++-devel-4.8.5-44.0.3.el7 (x86_64)


  "sysstat"에 대한 패키지 존재 여부 확인 중...성공

  노드 이름                                 상태                      
  ------------------------------------  ------------------------
  rac2                                  sysstat-10.1.5-19.el7   
  rac1                                  sysstat-10.1.5-19.el7   


  "ksh"에 대한 패키지 존재 여부 확인 중...성공

  노드 이름                                 상태                      
  ------------------------------------  ------------------------
  rac2                                  ksh-20120801-142.0.1.el7
  rac1                                  ksh-20120801-142.0.1.el7


  "make"에 대한 패키지 존재 여부 확인 중...성공

  노드 이름                                 상태                      
  ------------------------------------  ------------------------
  rac2                                  make-3.82-24.el7        
  rac1                                  make-3.82-24.el7        


  "glibc (x86_64)"에 대한 패키지 존재 여부 확인 중...성공

  노드 이름                                 상태                      
  ------------------------------------  ------------------------
  rac2                                  glibc-2.17-317.0.1.el7 (x86_64)
  rac1                                  glibc-2.17-317.0.1.el7 (x86_64)


  "glibc-devel (x86_64)"에 대한 패키지 존재 여부 확인 중...성공

  노드 이름                                 상태                      
  ------------------------------------  ------------------------
  rac2                                  glibc-devel-2.17-317.0.1.el7 (x86_64)
  rac1                                  glibc-devel-2.17-317.0.1.el7 (x86_64)


  "libaio (x86_64)"에 대한 패키지 존재 여부 확인 중...성공

  노드 이름                                 상태                      
  ------------------------------------  ------------------------
  rac2                                  libaio-0.3.109-13.el7 (x86_64)
  rac1                                  libaio-0.3.109-13.el7 (x86_64)


  "libaio-devel (x86_64)"에 대한 패키지 존재 여부 확인 중...성공

  노드 이름                                 상태                      
  ------------------------------------  ------------------------
  rac2                                  libaio-devel-0.3.109-13.el7 (x86_64)
  rac1                                  libaio-devel-0.3.109-13.el7 (x86_64)


  "nfs-utils"에 대한 패키지 존재 여부 확인 중...성공

  노드 이름                                 상태                      
  ------------------------------------  ------------------------
  rac2                                  nfs-utils-1.3.0-0.68.0.1.el7
  rac1                                  nfs-utils-1.3.0-0.68.0.1.el7


  "smartmontools"에 대한 패키지 존재 여부 확인 중...성공

  노드 이름                                 상태                      
  ------------------------------------  ------------------------
  rac2                                  smartmontools-7.0-2.el7 
  rac1                                  smartmontools-7.0-2.el7 


  "net-tools"에 대한 패키지 존재 여부 확인 중...성공

  노드 이름                                 상태                      
  ------------------------------------  ------------------------
  rac2                                  net-tools-2.0-0.25.20131004git.el7
  rac1                                  net-tools-2.0-0.25.20131004git.el7


피어 호환성 확인 중...성공

피어 호환성 확인 작업을 성공했습니다. 

수행된 CVU 작업:                   피어 호환성
날짜:                           2024. 7. 18 오전 9:52:38
CVU 홈:                        /u01/app/19c/grid/
사용자:                          oracle
