
SCAN(단일 클라이언트 액세스 이름) 확인 중...
  SCAN 이름           노드            실행 중?         ListenerName  포트            실행 중?       
  ----------------  ------------  ------------  ------------  ------------  ------------
  rac-scan                        true          LISTENER_SCAN1  1521          true        
  rac-scan                        true          LISTENER_SCAN2  1521          true        
  rac-scan                        true          LISTENER_SCAN3  1521          true        

SCAN 리스너에 대한 TCP 접속을 검사하는 중...

  노드            ListenerName              TCP 접속 가능 여부            
  ------------  ------------------------  ------------------------
  rac1          LISTENER_SCAN1            예                       
  rac1          LISTENER_SCAN2            예                       
  rac1          LISTENER_SCAN3            예                       

  DNS/NIS 이름 서비스 'rac-scan' 확인 중...
    이름 서비스 스위치 구성 파일 무결성 확인 중...성공

  SCAN 이름       IP 주소                     상태                        설명        
  ------------  ------------------------  ------------------------  ----------
  rac-scan                                실패                        DNS 항목    
  rac-scan      10.0.2.21                 실패                        NIS 항목    
  rac-scan      10.0.2.22                 실패                        NIS 항목    
  rac-scan      10.0.2.20                 실패                        NIS 항목    
  DNS/NIS 이름 서비스 'rac-scan' 확인 중...실패 (PRVG-11826, PRVG-11827, PRVF-4664)
SCAN(단일 클라이언트 액세스 이름) 확인 중...실패 (PRVG-11372, PRVG-11826, PRVG-11827)

지정된 모든 노드에서 SCAN 확인을 실패했습니다. 


CVU 확인 요청 "SCAN"을(를) 실행하는 동안 오류가 발생했습니다.

SCAN(단일 클라이언트 액세스 이름) 확인 중...실패
PRVG-11372 : SCAN "rac-scan"이(가) 분석된 SCAN IP 주소 수가 SCAN VIP 리소스 수와 일치하지 않습니다.

  DNS/NIS 이름 서비스 'rac-scan' 확인 중...실패
  PRVG-11826 : SCAN 이름 "rac-scan"에 대해 DNS 분석 IP 주소 ""을(를) 이름 서비스 반환 IP 주소
  "10.0.2.21,10.0.2.22,10.0.2.20"에서 찾을 수 없습니다.
  PRVG-11827 : SCAN 이름 "rac-scan"에 대해 이름 서비스 반환 IP 주소
  "10.0.2.21,10.0.2.22,10.0.2.20"을(를) DNS 반환 IP 주소 ""에서 찾을 수 없습니다.

  rac2: PRVF-4664 : SCAN 이름 "rac-scan"에 대해 일치하지 않는 이름 분석 항목을 발견했습니다.

  rac1: PRVF-4664 : SCAN 이름 "rac-scan"에 대해 일치하지 않는 이름 분석 항목을 발견했습니다.


수행된 CVU 작업:                   SCAN
날짜:                           2024. 7. 17 오후 4:39:32
CVU 홈:                        /u01/app/19c/grid/
사용자:                          oracle
